\BOOKMARK [0][-]{chapter.1}{Project Outline}{}% 1
\BOOKMARK [0][-]{chapter.2}{Gripper Design}{}% 2
\BOOKMARK [0][-]{chapter.3}{Computer Vision}{}% 3
\BOOKMARK [1][-]{section.3.1}{Object detection}{chapter.3}% 4
\BOOKMARK [2][-]{subsection.3.1.1}{Environment preparation}{section.3.1}% 5
\BOOKMARK [2][-]{subsection.3.1.2}{Object recognition}{section.3.1}% 6
\BOOKMARK [2][-]{subsection.3.1.3}{Object orientation}{section.3.1}% 7
\BOOKMARK [1][-]{section.3.2}{Pin detection and PinHole Allocation}{chapter.3}% 8
\BOOKMARK [1][-]{section.3.3}{Path creation}{chapter.3}% 9
\BOOKMARK [2][-]{subsection.3.3.1}{Gripper to pin path creation}{section.3.3}% 10
\BOOKMARK [2][-]{subsection.3.3.2}{Measurement correction}{section.3.3}% 11
\BOOKMARK [2][-]{subsection.3.3.3}{Path to gripper arm corrdinates}{section.3.3}% 12
\BOOKMARK [1][-]{section.3.4}{Pin supply identification}{chapter.3}% 13
\BOOKMARK [0][-]{chapter.4}{Robotic Arm Control}{}% 14
\BOOKMARK [1][-]{section.4.1}{Denavit-Hartenberg Algorithm}{chapter.4}% 15
\BOOKMARK [1][-]{section.4.2}{Matlab Simulations}{chapter.4}% 16
\BOOKMARK [1][-]{section.4.3}{Open ABB}{chapter.4}% 17
\BOOKMARK [1][-]{section.4.4}{Coordination}{chapter.4}% 18
\BOOKMARK [0][-]{chapter.5}{Operation Flow}{}% 19
\BOOKMARK [0][-]{appendix.A}{Initial project request}{}% 20
