This is pdfTeX, Version 3.14159265-2.6-1.40.15 (TeX Live 2014/W32TeX) (preloaded format=pdflatex 2015.5.29)  5 SEP 2016 00:51
entering extended mode
 restricted \write18 enabled.
 %&-line parsing enabled.
**HandEyereport.tex
(./HandEyereport.tex
LaTeX2e <2014/05/01>
Babel <3.9l> and hyphenation patterns for 79 languages loaded.
(e:/texlive/2014/texmf-dist/tex/latex/base/report.cls
Document Class: report 2014/09/29 v1.4h Standard LaTeX document class
(e:/texlive/2014/texmf-dist/tex/latex/base/size11.clo
File: size11.clo 2014/09/29 v1.4h Standard LaTeX file (size option)
)
\c@part=\count79
\c@chapter=\count80
\c@section=\count81
\c@subsection=\count82
\c@subsubsection=\count83
\c@paragraph=\count84
\c@subparagraph=\count85
\c@figure=\count86
\c@table=\count87
\abovecaptionskip=\skip41
\belowcaptionskip=\skip42
\bibindent=\dimen102
)
(e:/texlive/2014/texmf-dist/tex/latex/base/inputenc.sty
Package: inputenc 2014/04/30 v1.2b Input encoding file
\inpenc@prehook=\toks14
\inpenc@posthook=\toks15

(e:/texlive/2014/texmf-dist/tex/latex/base/latin1.def
File: latin1.def 2014/04/30 v1.2b Input encoding file
))
(e:/texlive/2014/texmf-dist/tex/latex/amsmath/amsmath.sty
Package: amsmath 2013/01/14 v2.14 AMS math features
\@mathmargin=\skip43

For additional information on amsmath, use the `?' option.
(e:/texlive/2014/texmf-dist/tex/latex/amsmath/amstext.sty
Package: amstext 2000/06/29 v2.01

(e:/texlive/2014/texmf-dist/tex/latex/amsmath/amsgen.sty
File: amsgen.sty 1999/11/30 v2.0
\@emptytoks=\toks16
\ex@=\dimen103
))
(e:/texlive/2014/texmf-dist/tex/latex/amsmath/amsbsy.sty
Package: amsbsy 1999/11/29 v1.2d
\pmbraise@=\dimen104
)
(e:/texlive/2014/texmf-dist/tex/latex/amsmath/amsopn.sty
Package: amsopn 1999/12/14 v2.01 operator names
)
\inf@bad=\count88
LaTeX Info: Redefining \frac on input line 210.
\uproot@=\count89
\leftroot@=\count90
LaTeX Info: Redefining \overline on input line 306.
\classnum@=\count91
\DOTSCASE@=\count92
LaTeX Info: Redefining \ldots on input line 378.
LaTeX Info: Redefining \dots on input line 381.
LaTeX Info: Redefining \cdots on input line 466.
\Mathstrutbox@=\box26
\strutbox@=\box27
\big@size=\dimen105
LaTeX Font Info:    Redeclaring font encoding OML on input line 566.
LaTeX Font Info:    Redeclaring font encoding OMS on input line 567.
\macc@depth=\count93
\c@MaxMatrixCols=\count94
\dotsspace@=\muskip10
\c@parentequation=\count95
\dspbrk@lvl=\count96
\tag@help=\toks17
\row@=\count97
\column@=\count98
\maxfields@=\count99
\andhelp@=\toks18
\eqnshift@=\dimen106
\alignsep@=\dimen107
\tagshift@=\dimen108
\tagwidth@=\dimen109
\totwidth@=\dimen110
\lineht@=\dimen111
\@envbody=\toks19
\multlinegap=\skip44
\multlinetaggap=\skip45
\mathdisplay@stack=\toks20
LaTeX Info: Redefining \[ on input line 2665.
LaTeX Info: Redefining \] on input line 2666.
)
(e:/texlive/2014/texmf-dist/tex/latex/lipsum/lipsum.sty
Package: lipsum 2014/07/27 v1.3 150 paragraphs of Lorem Ipsum dummy text
\c@lips@count=\count100
)
(e:/texlive/2014/texmf-dist/tex/latex/amsfonts/amsfonts.sty
Package: amsfonts 2013/01/14 v3.01 Basic AMSFonts support
\symAMSa=\mathgroup4
\symAMSb=\mathgroup5
LaTeX Font Info:    Overwriting math alphabet `\mathfrak' in version `bold'
(Font)                  U/euf/m/n --> U/euf/b/n on input line 106.
)
(e:/texlive/2014/texmf-dist/tex/latex/amsfonts/amssymb.sty
Package: amssymb 2013/01/14 v3.01 AMS font symbols
)
(e:/texlive/2014/texmf-dist/tex/latex/graphics/graphicx.sty
Package: graphicx 2014/10/28 v1.0g Enhanced LaTeX Graphics (DPC,SPQR)

(e:/texlive/2014/texmf-dist/tex/latex/graphics/keyval.sty
Package: keyval 2014/10/28 v1.15 key=value parser (DPC)
\KV@toks@=\toks21
)
(e:/texlive/2014/texmf-dist/tex/latex/graphics/graphics.sty
Package: graphics 2014/10/28 v1.0p Standard LaTeX Graphics (DPC,SPQR)

(e:/texlive/2014/texmf-dist/tex/latex/graphics/trig.sty
Package: trig 1999/03/16 v1.09 sin cos tan (DPC)
)
(e:/texlive/2014/texmf-dist/tex/latex/latexconfig/graphics.cfg
File: graphics.cfg 2010/04/23 v1.9 graphics configuration of TeX Live
)
Package graphics Info: Driver file: pdftex.def on input line 91.

(e:/texlive/2014/texmf-dist/tex/latex/pdftex-def/pdftex.def
File: pdftex.def 2011/05/27 v0.06d Graphics/color for pdfTeX

(e:/texlive/2014/texmf-dist/tex/generic/oberdiek/infwarerr.sty
Package: infwarerr 2010/04/08 v1.3 Providing info/warning/error messages (HO)
)
(e:/texlive/2014/texmf-dist/tex/generic/oberdiek/ltxcmds.sty
Package: ltxcmds 2011/11/09 v1.22 LaTeX kernel commands for general use (HO)
)
\Gread@gobject=\count101
))
\Gin@req@height=\dimen112
\Gin@req@width=\dimen113
)
(e:/texlive/2014/texmf-dist/tex/latex/tools/longtable.sty
Package: longtable 2014/10/28 v4.11 Multi-page Table package (DPC)
\LTleft=\skip46
\LTright=\skip47
\LTpre=\skip48
\LTpost=\skip49
\LTchunksize=\count102
\LTcapwidth=\dimen114
\LT@head=\box28
\LT@firsthead=\box29
\LT@foot=\box30
\LT@lastfoot=\box31
\LT@cols=\count103
\LT@rows=\count104
\c@LT@tables=\count105
\c@LT@chunks=\count106
\LT@p@ftn=\toks22
)
(e:/texlive/2014/texmf-dist/tex/latex/multirow/multirow.sty
\bigstrutjot=\dimen115
)
(e:/texlive/2014/texmf-dist/tex/latex/hyperref/hyperref.sty
Package: hyperref 2012/11/06 v6.83m Hypertext links for LaTeX

(e:/texlive/2014/texmf-dist/tex/generic/oberdiek/hobsub-hyperref.sty
Package: hobsub-hyperref 2012/05/28 v1.13 Bundle oberdiek, subset hyperref (HO)


(e:/texlive/2014/texmf-dist/tex/generic/oberdiek/hobsub-generic.sty
Package: hobsub-generic 2012/05/28 v1.13 Bundle oberdiek, subset generic (HO)
Package: hobsub 2012/05/28 v1.13 Construct package bundles (HO)
Package hobsub Info: Skipping package `infwarerr' (already loaded).
Package hobsub Info: Skipping package `ltxcmds' (already loaded).
Package: ifluatex 2010/03/01 v1.3 Provides the ifluatex switch (HO)
Package ifluatex Info: LuaTeX not detected.
Package: ifvtex 2010/03/01 v1.5 Detect VTeX and its facilities (HO)
Package ifvtex Info: VTeX not detected.
Package: intcalc 2007/09/27 v1.1 Expandable calculations with integers (HO)
Package: ifpdf 2011/01/30 v2.3 Provides the ifpdf switch (HO)
Package ifpdf Info: pdfTeX in PDF mode is detected.
Package: etexcmds 2011/02/16 v1.5 Avoid name clashes with e-TeX commands (HO)
Package etexcmds Info: Could not find \expanded.
(etexcmds)             That can mean that you are not using pdfTeX 1.50 or
(etexcmds)             that some package has redefined \expanded.
(etexcmds)             In the latter case, load this package earlier.
Package: kvsetkeys 2012/04/25 v1.16 Key value parser (HO)
Package: kvdefinekeys 2011/04/07 v1.3 Define keys (HO)
Package: pdftexcmds 2011/11/29 v0.20 Utility functions of pdfTeX for LuaTeX (HO
)
Package pdftexcmds Info: LuaTeX not detected.
Package pdftexcmds Info: \pdf@primitive is available.
Package pdftexcmds Info: \pdf@ifprimitive is available.
Package pdftexcmds Info: \pdfdraftmode found.
Package: pdfescape 2011/11/25 v1.13 Implements pdfTeX's escape features (HO)
Package: bigintcalc 2012/04/08 v1.3 Expandable calculations on big integers (HO
)
Package: bitset 2011/01/30 v1.1 Handle bit-vector datatype (HO)
Package: uniquecounter 2011/01/30 v1.2 Provide unlimited unique counter (HO)
)
Package hobsub Info: Skipping package `hobsub' (already loaded).
Package: letltxmacro 2010/09/02 v1.4 Let assignment for LaTeX macros (HO)
Package: hopatch 2012/05/28 v1.2 Wrapper for package hooks (HO)
Package: xcolor-patch 2011/01/30 xcolor patch
Package: atveryend 2011/06/30 v1.8 Hooks at the very end of document (HO)
Package atveryend Info: \enddocument detected (standard20110627).
Package: atbegshi 2011/10/05 v1.16 At begin shipout hook (HO)
Package: refcount 2011/10/16 v3.4 Data extraction from label references (HO)
Package: hycolor 2011/01/30 v1.7 Color options for hyperref/bookmark (HO)
)
(e:/texlive/2014/texmf-dist/tex/generic/ifxetex/ifxetex.sty
Package: ifxetex 2010/09/12 v0.6 Provides ifxetex conditional
)
(e:/texlive/2014/texmf-dist/tex/latex/oberdiek/auxhook.sty
Package: auxhook 2011/03/04 v1.3 Hooks for auxiliary files (HO)
)
(e:/texlive/2014/texmf-dist/tex/latex/oberdiek/kvoptions.sty
Package: kvoptions 2011/06/30 v3.11 Key value format for package options (HO)
)
\@linkdim=\dimen116
\Hy@linkcounter=\count107
\Hy@pagecounter=\count108

(e:/texlive/2014/texmf-dist/tex/latex/hyperref/pd1enc.def
File: pd1enc.def 2012/11/06 v6.83m Hyperref: PDFDocEncoding definition (HO)
)
\Hy@SavedSpaceFactor=\count109

(e:/texlive/2014/texmf-dist/tex/latex/latexconfig/hyperref.cfg
File: hyperref.cfg 2002/06/06 v1.2 hyperref configuration of TeXLive
)
Package hyperref Info: Hyper figures OFF on input line 4443.
Package hyperref Info: Link nesting OFF on input line 4448.
Package hyperref Info: Hyper index ON on input line 4451.
Package hyperref Info: Plain pages OFF on input line 4458.
Package hyperref Info: Backreferencing OFF on input line 4463.
Package hyperref Info: Implicit mode ON; LaTeX internals redefined.
Package hyperref Info: Bookmarks ON on input line 4688.
\c@Hy@tempcnt=\count110

(e:/texlive/2014/texmf-dist/tex/latex/url/url.sty
\Urlmuskip=\muskip11
Package: url 2013/09/16  ver 3.4  Verb mode for urls, etc.
)
LaTeX Info: Redefining \url on input line 5041.
\XeTeXLinkMargin=\dimen117
\Fld@menulength=\count111
\Field@Width=\dimen118
\Fld@charsize=\dimen119
Package hyperref Info: Hyper figures OFF on input line 6295.
Package hyperref Info: Link nesting OFF on input line 6300.
Package hyperref Info: Hyper index ON on input line 6303.
Package hyperref Info: backreferencing OFF on input line 6310.
Package hyperref Info: Link coloring OFF on input line 6315.
Package hyperref Info: Link coloring with OCG OFF on input line 6320.
Package hyperref Info: PDF/A mode OFF on input line 6325.
LaTeX Info: Redefining \ref on input line 6365.
LaTeX Info: Redefining \pageref on input line 6369.
\Hy@abspage=\count112
\c@Item=\count113
\c@Hfootnote=\count114
)

Package hyperref Message: Driver (autodetected): hpdftex.

(e:/texlive/2014/texmf-dist/tex/latex/hyperref/hpdftex.def
File: hpdftex.def 2012/11/06 v6.83m Hyperref driver for pdfTeX
\Fld@listcount=\count115
\c@bookmark@seq@number=\count116

(e:/texlive/2014/texmf-dist/tex/latex/oberdiek/rerunfilecheck.sty
Package: rerunfilecheck 2011/04/15 v1.7 Rerun checks for auxiliary files (HO)
Package uniquecounter Info: New unique counter `rerunfilecheck' on input line 2
82.
)
\Hy@SectionHShift=\skip50
)
(e:/texlive/2014/texmf-dist/tex/latex/was/gensymb.sty
Package: gensymb 2003/07/02 v1.0 (WaS)
)
(e:/texlive/2014/texmf-dist/tex/latex/oberdiek/pdflscape.sty
Package: pdflscape 2008/08/11 v0.10 Display of landscape pages in PDF (HO)

(e:/texlive/2014/texmf-dist/tex/latex/graphics/lscape.sty
Package: lscape 2000/10/22 v3.01 Landscape Pages (DPC)
)
Package pdflscape Info: Auto-detected driver: pdftex on input line 80.
)
Package hyperref Info: Option `colorlinks' set `true' on input line 13.

(e:/texlive/2014/texmf-dist/tex/latex/pgf/frontendlayer/tikz.sty
(e:/texlive/2014/texmf-dist/tex/latex/pgf/basiclayer/pgf.sty
(e:/texlive/2014/texmf-dist/tex/latex/pgf/utilities/pgfrcs.sty
(e:/texlive/2014/texmf-dist/tex/generic/pgf/utilities/pgfutil-common.tex
\pgfutil@everybye=\toks23
\pgfutil@tempdima=\dimen120
\pgfutil@tempdimb=\dimen121

(e:/texlive/2014/texmf-dist/tex/generic/pgf/utilities/pgfutil-common-lists.tex)
) (e:/texlive/2014/texmf-dist/tex/generic/pgf/utilities/pgfutil-latex.def
\pgfutil@abb=\box32

(e:/texlive/2014/texmf-dist/tex/latex/ms/everyshi.sty
Package: everyshi 2001/05/15 v3.00 EveryShipout Package (MS)
))
(e:/texlive/2014/texmf-dist/tex/generic/pgf/utilities/pgfrcs.code.tex
Package: pgfrcs 2013/12/20 v3.0.0 (rcs-revision 1.28)
))
Package: pgf 2013/12/18 v3.0.0 (rcs-revision 1.14)

(e:/texlive/2014/texmf-dist/tex/latex/pgf/basiclayer/pgfcore.sty
(e:/texlive/2014/texmf-dist/tex/latex/pgf/systemlayer/pgfsys.sty
(e:/texlive/2014/texmf-dist/tex/generic/pgf/systemlayer/pgfsys.code.tex
Package: pgfsys 2013/11/30 v3.0.0 (rcs-revision 1.47)

(e:/texlive/2014/texmf-dist/tex/generic/pgf/utilities/pgfkeys.code.tex
\pgfkeys@pathtoks=\toks24
\pgfkeys@temptoks=\toks25

(e:/texlive/2014/texmf-dist/tex/generic/pgf/utilities/pgfkeysfiltered.code.tex
\pgfkeys@tmptoks=\toks26
))
\pgf@x=\dimen122
\pgf@y=\dimen123
\pgf@xa=\dimen124
\pgf@ya=\dimen125
\pgf@xb=\dimen126
\pgf@yb=\dimen127
\pgf@xc=\dimen128
\pgf@yc=\dimen129
\w@pgf@writea=\write3
\r@pgf@reada=\read1
\c@pgf@counta=\count117
\c@pgf@countb=\count118
\c@pgf@countc=\count119
\c@pgf@countd=\count120
\t@pgf@toka=\toks27
\t@pgf@tokb=\toks28
\t@pgf@tokc=\toks29
 (e:/texlive/2014/texmf-dist/tex/generic/pgf/systemlayer/pgf.cfg
File: pgf.cfg 2008/05/14  (rcs-revision 1.7)
)
Driver file for pgf: pgfsys-pdftex.def

(e:/texlive/2014/texmf-dist/tex/generic/pgf/systemlayer/pgfsys-pdftex.def
File: pgfsys-pdftex.def 2013/07/18  (rcs-revision 1.33)

(e:/texlive/2014/texmf-dist/tex/generic/pgf/systemlayer/pgfsys-common-pdf.def
File: pgfsys-common-pdf.def 2013/10/10  (rcs-revision 1.13)
)))
(e:/texlive/2014/texmf-dist/tex/generic/pgf/systemlayer/pgfsyssoftpath.code.tex
File: pgfsyssoftpath.code.tex 2013/09/09  (rcs-revision 1.9)
\pgfsyssoftpath@smallbuffer@items=\count121
\pgfsyssoftpath@bigbuffer@items=\count122
)
(e:/texlive/2014/texmf-dist/tex/generic/pgf/systemlayer/pgfsysprotocol.code.tex
File: pgfsysprotocol.code.tex 2006/10/16  (rcs-revision 1.4)
)) (e:/texlive/2014/texmf-dist/tex/latex/xcolor/xcolor.sty
Package: xcolor 2007/01/21 v2.11 LaTeX color extensions (UK)

(e:/texlive/2014/texmf-dist/tex/latex/latexconfig/color.cfg
File: color.cfg 2007/01/18 v1.5 color configuration of teTeX/TeXLive
)
Package xcolor Info: Driver file: pdftex.def on input line 225.
Package xcolor Info: Model `cmy' substituted by `cmy0' on input line 1337.
Package xcolor Info: Model `hsb' substituted by `rgb' on input line 1341.
Package xcolor Info: Model `RGB' extended on input line 1353.
Package xcolor Info: Model `HTML' substituted by `rgb' on input line 1355.
Package xcolor Info: Model `Hsb' substituted by `hsb' on input line 1356.
Package xcolor Info: Model `tHsb' substituted by `hsb' on input line 1357.
Package xcolor Info: Model `HSB' substituted by `hsb' on input line 1358.
Package xcolor Info: Model `Gray' substituted by `gray' on input line 1359.
Package xcolor Info: Model `wave' substituted by `hsb' on input line 1360.
)
(e:/texlive/2014/texmf-dist/tex/generic/pgf/basiclayer/pgfcore.code.tex
Package: pgfcore 2010/04/11 v3.0.0 (rcs-revision 1.7)

(e:/texlive/2014/texmf-dist/tex/generic/pgf/math/pgfmath.code.tex
(e:/texlive/2014/texmf-dist/tex/generic/pgf/math/pgfmathcalc.code.tex
(e:/texlive/2014/texmf-dist/tex/generic/pgf/math/pgfmathutil.code.tex)
(e:/texlive/2014/texmf-dist/tex/generic/pgf/math/pgfmathparser.code.tex
\pgfmath@dimen=\dimen130
\pgfmath@count=\count123
\pgfmath@box=\box33
\pgfmath@toks=\toks30
\pgfmath@stack@operand=\toks31
\pgfmath@stack@operation=\toks32
)
(e:/texlive/2014/texmf-dist/tex/generic/pgf/math/pgfmathfunctions.code.tex
(e:/texlive/2014/texmf-dist/tex/generic/pgf/math/pgfmathfunctions.basic.code.te
x)
(e:/texlive/2014/texmf-dist/tex/generic/pgf/math/pgfmathfunctions.trigonometric
.code.tex)
(e:/texlive/2014/texmf-dist/tex/generic/pgf/math/pgfmathfunctions.random.code.t
ex)
(e:/texlive/2014/texmf-dist/tex/generic/pgf/math/pgfmathfunctions.comparison.co
de.tex)
(e:/texlive/2014/texmf-dist/tex/generic/pgf/math/pgfmathfunctions.base.code.tex
)
(e:/texlive/2014/texmf-dist/tex/generic/pgf/math/pgfmathfunctions.round.code.te
x)
(e:/texlive/2014/texmf-dist/tex/generic/pgf/math/pgfmathfunctions.misc.code.tex
)
(e:/texlive/2014/texmf-dist/tex/generic/pgf/math/pgfmathfunctions.integerarithm
etics.code.tex)))
(e:/texlive/2014/texmf-dist/tex/generic/pgf/math/pgfmathfloat.code.tex
\c@pgfmathroundto@lastzeros=\count124
))
(e:/texlive/2014/texmf-dist/tex/generic/pgf/basiclayer/pgfcorepoints.code.tex
File: pgfcorepoints.code.tex 2013/10/07  (rcs-revision 1.27)
\pgf@picminx=\dimen131
\pgf@picmaxx=\dimen132
\pgf@picminy=\dimen133
\pgf@picmaxy=\dimen134
\pgf@pathminx=\dimen135
\pgf@pathmaxx=\dimen136
\pgf@pathminy=\dimen137
\pgf@pathmaxy=\dimen138
\pgf@xx=\dimen139
\pgf@xy=\dimen140
\pgf@yx=\dimen141
\pgf@yy=\dimen142
\pgf@zx=\dimen143
\pgf@zy=\dimen144
)
(e:/texlive/2014/texmf-dist/tex/generic/pgf/basiclayer/pgfcorepathconstruct.cod
e.tex
File: pgfcorepathconstruct.code.tex 2013/10/07  (rcs-revision 1.29)
\pgf@path@lastx=\dimen145
\pgf@path@lasty=\dimen146
)
(e:/texlive/2014/texmf-dist/tex/generic/pgf/basiclayer/pgfcorepathusage.code.te
x
File: pgfcorepathusage.code.tex 2013/12/13  (rcs-revision 1.23)
\pgf@shorten@end@additional=\dimen147
\pgf@shorten@start@additional=\dimen148
)
(e:/texlive/2014/texmf-dist/tex/generic/pgf/basiclayer/pgfcorescopes.code.tex
File: pgfcorescopes.code.tex 2013/10/09  (rcs-revision 1.44)
\pgfpic=\box34
\pgf@hbox=\box35
\pgf@layerbox@main=\box36
\pgf@picture@serial@count=\count125
)
(e:/texlive/2014/texmf-dist/tex/generic/pgf/basiclayer/pgfcoregraphicstate.code
.tex
File: pgfcoregraphicstate.code.tex 2013/09/19  (rcs-revision 1.11)
\pgflinewidth=\dimen149
)
(e:/texlive/2014/texmf-dist/tex/generic/pgf/basiclayer/pgfcoretransformations.c
ode.tex
File: pgfcoretransformations.code.tex 2013/10/10  (rcs-revision 1.17)
\pgf@pt@x=\dimen150
\pgf@pt@y=\dimen151
\pgf@pt@temp=\dimen152
)
(e:/texlive/2014/texmf-dist/tex/generic/pgf/basiclayer/pgfcorequick.code.tex
File: pgfcorequick.code.tex 2008/10/09  (rcs-revision 1.3)
)
(e:/texlive/2014/texmf-dist/tex/generic/pgf/basiclayer/pgfcoreobjects.code.tex
File: pgfcoreobjects.code.tex 2006/10/11  (rcs-revision 1.2)
)
(e:/texlive/2014/texmf-dist/tex/generic/pgf/basiclayer/pgfcorepathprocessing.co
de.tex
File: pgfcorepathprocessing.code.tex 2013/09/09  (rcs-revision 1.9)
)
(e:/texlive/2014/texmf-dist/tex/generic/pgf/basiclayer/pgfcorearrows.code.tex
File: pgfcorearrows.code.tex 2013/11/07  (rcs-revision 1.40)
\pgfarrowsep=\dimen153
)
(e:/texlive/2014/texmf-dist/tex/generic/pgf/basiclayer/pgfcoreshade.code.tex
File: pgfcoreshade.code.tex 2013/07/15  (rcs-revision 1.15)
\pgf@max=\dimen154
\pgf@sys@shading@range@num=\count126
)
(e:/texlive/2014/texmf-dist/tex/generic/pgf/basiclayer/pgfcoreimage.code.tex
File: pgfcoreimage.code.tex 2013/07/15  (rcs-revision 1.18)

(e:/texlive/2014/texmf-dist/tex/generic/pgf/basiclayer/pgfcoreexternal.code.tex
File: pgfcoreexternal.code.tex 2013/07/15  (rcs-revision 1.20)
\pgfexternal@startupbox=\box37
))
(e:/texlive/2014/texmf-dist/tex/generic/pgf/basiclayer/pgfcorelayers.code.tex
File: pgfcorelayers.code.tex 2013/07/18  (rcs-revision 1.7)
)
(e:/texlive/2014/texmf-dist/tex/generic/pgf/basiclayer/pgfcoretransparency.code
.tex
File: pgfcoretransparency.code.tex 2013/09/30  (rcs-revision 1.5)
)
(e:/texlive/2014/texmf-dist/tex/generic/pgf/basiclayer/pgfcorepatterns.code.tex
File: pgfcorepatterns.code.tex 2013/11/07  (rcs-revision 1.5)
)))
(e:/texlive/2014/texmf-dist/tex/generic/pgf/modules/pgfmoduleshapes.code.tex
File: pgfmoduleshapes.code.tex 2013/10/31  (rcs-revision 1.34)
\pgfnodeparttextbox=\box38
)
(e:/texlive/2014/texmf-dist/tex/generic/pgf/modules/pgfmoduleplot.code.tex
File: pgfmoduleplot.code.tex 2013/07/31  (rcs-revision 1.12)
)
(e:/texlive/2014/texmf-dist/tex/latex/pgf/compatibility/pgfcomp-version-0-65.st
y
Package: pgfcomp-version-0-65 2007/07/03 v3.0.0 (rcs-revision 1.7)
\pgf@nodesepstart=\dimen155
\pgf@nodesepend=\dimen156
)
(e:/texlive/2014/texmf-dist/tex/latex/pgf/compatibility/pgfcomp-version-1-18.st
y
Package: pgfcomp-version-1-18 2007/07/23 v3.0.0 (rcs-revision 1.1)
)) (e:/texlive/2014/texmf-dist/tex/latex/pgf/utilities/pgffor.sty
(e:/texlive/2014/texmf-dist/tex/latex/pgf/utilities/pgfkeys.sty
(e:/texlive/2014/texmf-dist/tex/generic/pgf/utilities/pgfkeys.code.tex))
(e:/texlive/2014/texmf-dist/tex/latex/pgf/math/pgfmath.sty
(e:/texlive/2014/texmf-dist/tex/generic/pgf/math/pgfmath.code.tex))
(e:/texlive/2014/texmf-dist/tex/generic/pgf/utilities/pgffor.code.tex
Package: pgffor 2013/12/13 v3.0.0 (rcs-revision 1.25)

(e:/texlive/2014/texmf-dist/tex/generic/pgf/math/pgfmath.code.tex)
\pgffor@iter=\dimen157
\pgffor@skip=\dimen158
\pgffor@stack=\toks33
\pgffor@toks=\toks34
))
(e:/texlive/2014/texmf-dist/tex/generic/pgf/frontendlayer/tikz/tikz.code.tex
Package: tikz 2013/12/13 v3.0.0 (rcs-revision 1.142)

(e:/texlive/2014/texmf-dist/tex/generic/pgf/libraries/pgflibraryplothandlers.co
de.tex
File: pgflibraryplothandlers.code.tex 2013/08/31 v3.0.0 (rcs-revision 1.20)
\pgf@plot@mark@count=\count127
\pgfplotmarksize=\dimen159
)
\tikz@lastx=\dimen160
\tikz@lasty=\dimen161
\tikz@lastxsaved=\dimen162
\tikz@lastysaved=\dimen163
\tikzleveldistance=\dimen164
\tikzsiblingdistance=\dimen165
\tikz@figbox=\box39
\tikz@figbox@bg=\box40
\tikz@tempbox=\box41
\tikz@tempbox@bg=\box42
\tikztreelevel=\count128
\tikznumberofchildren=\count129
\tikznumberofcurrentchild=\count130
\tikz@fig@count=\count131

(e:/texlive/2014/texmf-dist/tex/generic/pgf/modules/pgfmodulematrix.code.tex
File: pgfmodulematrix.code.tex 2013/09/17  (rcs-revision 1.8)
\pgfmatrixcurrentrow=\count132
\pgfmatrixcurrentcolumn=\count133
\pgf@matrix@numberofcolumns=\count134
)
\tikz@expandcount=\count135

(e:/texlive/2014/texmf-dist/tex/generic/pgf/frontendlayer/tikz/libraries/tikzli
brarytopaths.code.tex
File: tikzlibrarytopaths.code.tex 2008/06/17 v3.0.0 (rcs-revision 1.2)
)))
(e:/texlive/2014/texmf-dist/tex/latex/tikz-qtree/tikz-qtree.sty
(e:/texlive/2014/texmf-dist/tex/latex/tikz-qtree/pgftree.sty
(e:/texlive/2014/texmf-dist/tex/latex/tikz-qtree/pgfsubpic.sty
(e:/texlive/2014/texmf-dist/tex/latex/tikz-qtree/pgfsubpic.tex
\pgf@subpicminx=\dimen166
\pgf@subpicminy=\dimen167
\pgf@subpicmaxx=\dimen168
\pgf@subpicmaxy=\dimen169
))
(e:/texlive/2014/texmf-dist/tex/latex/tikz-qtree/pgftree.tex
\levelsep=\dimen170
\subtreesep=\dimen171
\smuggle@levelsep=\dimen172
\smuggle@subtreesep=\dimen173
\this@levelsep=\dimen174
\this@subtreesep=\dimen175
\pgftree@childx=\dimen176
\pgftree@savechildx=\dimen177
\pgftree@childy=\dimen178
\pgftree@savechildy=\dimen179
\pgftree@childi=\count136
\pgftree@savechildi=\count137
\pgftree@level=\count138
\pgftree@depth=\dimen180
\pgf@subpic@hbox@children=\box43
\pgf@subpic@minx@children=\dimen181
\pgf@subpic@miny@children=\dimen182
\pgf@subpic@maxx@children=\dimen183
\pgf@subpic@maxy@children=\dimen184
\pgftree@lastchildx=\dimen185
\pgftree@lastchildy=\dimen186
))
(e:/texlive/2014/texmf-dist/tex/latex/tikz-qtree/tikz-qtree.tex
\@result=\toks35
\child@list=\toks36
\root@node=\toks37
))
(e:/texlive/2014/texmf-dist/tex/latex/oberdiek/hypcap.sty
Package: hypcap 2011/02/16 v1.11 Adjusting the anchors of captions (HO)
)
(e:/texlive/2014/texmf-dist/tex/latex/cleveref/cleveref.sty
Package: cleveref 2013/12/28 v0.19 Intelligent cross-referencing
Package cleveref Info: `hyperref' support loaded on input line 2230.
LaTeX Info: Redefining \cref on input line 2230.
LaTeX Info: Redefining \Cref on input line 2230.
LaTeX Info: Redefining \crefrange on input line 2230.
LaTeX Info: Redefining \Crefrange on input line 2230.
LaTeX Info: Redefining \cpageref on input line 2230.
LaTeX Info: Redefining \Cpageref on input line 2230.
LaTeX Info: Redefining \cpagerefrange on input line 2230.
LaTeX Info: Redefining \Cpagerefrange on input line 2230.
LaTeX Info: Redefining \labelcref on input line 2230.
LaTeX Info: Redefining \labelcpageref on input line 2230.
)
(e:/texlive/2014/texmf-dist/tex/latex/adjustbox/adjustbox.sty
Package: adjustbox 2012/05/21 v1.0 Adjusting TeX boxes (trim, clip, ...)

(e:/texlive/2014/texmf-dist/tex/latex/xkeyval/xkeyval.sty
Package: xkeyval 2014/12/03 v2.7a package option processing (HA)

(e:/texlive/2014/texmf-dist/tex/generic/xkeyval/xkeyval.tex
(e:/texlive/2014/texmf-dist/tex/generic/xkeyval/xkvutils.tex
\XKV@toks=\toks38
\XKV@tempa@toks=\toks39
)
\XKV@depth=\count139
File: xkeyval.tex 2014/12/03 v2.7a key=value parser (HA)
))
(e:/texlive/2014/texmf-dist/tex/latex/adjustbox/adjcalc.sty
Package: adjcalc 2012/05/16 v1.1 Provides advanced setlength with multiple back
-ends (calc, etex, pgfmath)
)
(e:/texlive/2014/texmf-dist/tex/latex/adjustbox/trimclip.sty
Package: trimclip 2012/05/16 v1.0 Trim and clip general TeX material

(e:/texlive/2014/texmf-dist/tex/latex/collectbox/collectbox.sty
Package: collectbox 2012/05/17 v0.4b Collect macro arguments as boxes
\collectedbox=\box44
)
\tc@llx=\dimen187
\tc@lly=\dimen188
\tc@urx=\dimen189
\tc@ury=\dimen190
Package trimclip Info: Using driver 'tc-pdftex.def'.

(e:/texlive/2014/texmf-dist/tex/latex/adjustbox/tc-pdftex.def
File: tc-pdftex.def 2012/05/13 v1.0 Clipping driver for pdftex
))
\adjbox@Width=\dimen191
\adjbox@Height=\dimen192
\adjbox@Depth=\dimen193
\adjbox@Totalheight=\dimen194

(e:/texlive/2014/texmf-dist/tex/latex/ifoddpage/ifoddpage.sty
Package: ifoddpage 2011/09/13 v1.0 Conditionals for odd/even page detection
\c@checkoddpage=\count140
)
(e:/texlive/2014/texmf-dist/tex/latex/varwidth/varwidth.sty
Package: varwidth 2009/03/30 ver 0.92;  Variable-width minipages
\@vwid@box=\box45
\sift@deathcycles=\count141
\@vwid@loff=\dimen195
\@vwid@roff=\dimen196
))
(e:/texlive/2014/texmf-dist/tex/generic/pgf/frontendlayer/tikz/libraries/tikzli
braryshapes.geometric.code.tex
File: tikzlibraryshapes.geometric.code.tex 2008/01/09 v3.0.0 (rcs-revision 1.1)


(e:/texlive/2014/texmf-dist/tex/generic/pgf/libraries/shapes/pgflibraryshapes.g
eometric.code.tex
File: pgflibraryshapes.geometric.code.tex 2008/06/26 v3.0.0 (rcs-revision 1.1)
))
(e:/texlive/2014/texmf-dist/tex/generic/pgf/frontendlayer/tikz/libraries/tikzli
braryarrows.code.tex
File: tikzlibraryarrows.code.tex 2008/01/09 v3.0.0 (rcs-revision 1.1)

(e:/texlive/2014/texmf-dist/tex/generic/pgf/libraries/pgflibraryarrows.code.tex
File: pgflibraryarrows.code.tex 2013/09/23 v3.0.0 (rcs-revision 1.16)
\arrowsize=\dimen197
)) (e:/texlive/2014/texmf-dist/tex/latex/placeins/placeins.sty
Package: placeins 2005/04/18  v 2.2
)
(e:/texlive/2014/texmf-dist/tex/latex/tools/array.sty
Package: array 2014/10/28 v2.4c Tabular extension package (FMi)
\col@sep=\dimen198
\extrarowheight=\dimen199
\NC@list=\toks40
\extratabsurround=\skip51
\backup@length=\skip52
)
(e:/texlive/2014/texmf-dist/tex/latex/caption/subcaption.sty
Package: subcaption 2013/02/03 v1.1-62 Sub-captions (AR)

(e:/texlive/2014/texmf-dist/tex/latex/caption/caption.sty
Package: caption 2013/05/02 v3.3-89 Customizing captions (AR)

(e:/texlive/2014/texmf-dist/tex/latex/caption/caption3.sty
Package: caption3 2013/05/02 v1.6-88 caption3 kernel (AR)
Package caption3 Info: TeX engine: e-TeX on input line 57.
\captionmargin=\dimen200
\captionmargin@=\dimen201
\captionwidth=\dimen202
\caption@tempdima=\dimen203
\caption@indent=\dimen204
\caption@parindent=\dimen205
\caption@hangindent=\dimen206
)
\c@ContinuedFloat=\count142
Package caption Info: hyperref package is loaded.
Package caption Info: hypcap package is loaded.
Package caption Info: longtable package is loaded.

(e:/texlive/2014/texmf-dist/tex/latex/caption/ltcaption.sty
Package: ltcaption 2013/02/03 v1.3-62 longtable captions (AR)
))
\c@subfigure=\count143
\c@subtable=\count144
)
(e:/texlive/2014/texmf-dist/tex/latex/mdwtools/footnote.sty
Package: footnote 1997/01/28 1.13 Save footnotes around boxes
\fn@notes=\box46
\fn@width=\dimen207
)
(e:/texlive/2014/texmf-dist/tex/latex/soul/soul.sty
Package: soul 2003/11/17 v2.4 letterspacing/underlining (mf)
\SOUL@word=\toks41
\SOUL@lasttoken=\toks42
\SOUL@cmds=\toks43
\SOUL@buffer=\toks44
\SOUL@token=\toks45
\SOUL@spaceskip=\skip53
\SOUL@ttwidth=\dimen208
\SOUL@uldp=\dimen209
\SOUL@ulht=\dimen210
) (./HandEyereport.aux)
\openout1 = `HandEyereport.aux'.

LaTeX Font Info:    Checking defaults for OML/cmm/m/it on input line 30.
LaTeX Font Info:    ... okay on input line 30.
LaTeX Font Info:    Checking defaults for T1/cmr/m/n on input line 30.
LaTeX Font Info:    ... okay on input line 30.
LaTeX Font Info:    Checking defaults for OT1/cmr/m/n on input line 30.
LaTeX Font Info:    ... okay on input line 30.
LaTeX Font Info:    Checking defaults for OMS/cmsy/m/n on input line 30.
LaTeX Font Info:    ... okay on input line 30.
LaTeX Font Info:    Checking defaults for OMX/cmex/m/n on input line 30.
LaTeX Font Info:    ... okay on input line 30.
LaTeX Font Info:    Checking defaults for U/cmr/m/n on input line 30.
LaTeX Font Info:    ... okay on input line 30.
LaTeX Font Info:    Checking defaults for PD1/pdf/m/n on input line 30.
LaTeX Font Info:    ... okay on input line 30.

(e:/texlive/2014/texmf-dist/tex/context/base/supp-pdf.mkii
[Loading MPS to PDF converter (version 2006.09.02).]
\scratchcounter=\count145
\scratchdimen=\dimen211
\scratchbox=\box47
\nofMPsegments=\count146
\nofMParguments=\count147
\everyMPshowfont=\toks46
\MPscratchCnt=\count148
\MPscratchDim=\dimen212
\MPnumerator=\count149
\makeMPintoPDFobject=\count150
\everyMPtoPDFconversion=\toks47
) (e:/texlive/2014/texmf-dist/tex/latex/oberdiek/epstopdf-base.sty
Package: epstopdf-base 2010/02/09 v2.5 Base part for package epstopdf

(e:/texlive/2014/texmf-dist/tex/latex/oberdiek/grfext.sty
Package: grfext 2010/08/19 v1.1 Manage graphics extensions (HO)
)
Package grfext Info: Graphics extension search list:
(grfext)             [.png,.pdf,.jpg,.mps,.jpeg,.jbig2,.jb2,.PNG,.PDF,.JPG,.JPE
G,.JBIG2,.JB2,.eps]
(grfext)             \AppendGraphicsExtensions on input line 452.

(e:/texlive/2014/texmf-dist/tex/latex/latexconfig/epstopdf-sys.cfg
File: epstopdf-sys.cfg 2010/07/13 v1.3 Configuration of (r)epstopdf for TeX Liv
e
))
\AtBeginShipoutBox=\box48
Package hyperref Info: Link coloring ON on input line 30.

(e:/texlive/2014/texmf-dist/tex/latex/hyperref/nameref.sty
Package: nameref 2012/10/27 v2.43 Cross-referencing by name of section

(e:/texlive/2014/texmf-dist/tex/generic/oberdiek/gettitlestring.sty
Package: gettitlestring 2010/12/03 v1.4 Cleanup title references (HO)
)
\c@section@level=\count151
)
LaTeX Info: Redefining \ref on input line 30.
LaTeX Info: Redefining \pageref on input line 30.
LaTeX Info: Redefining \nameref on input line 30.

(./HandEyereport.out) (./HandEyereport.out)
\@outlinefile=\write4
\openout4 = `HandEyereport.out'.

LaTeX Info: Redefining \celsius on input line 30.
Package gensymb Info: Faking symbols for \degree and \celsius on input line 30.



Package gensymb Warning: Not defining \perthousand.

LaTeX Info: Redefining \ohm on input line 30.
Package gensymb Info: Using \Omega for \ohm on input line 30.

Package gensymb Warning: Not defining \micro.

ABD: EveryShipout initializing macros
Package caption Info: Begin \AtBeginDocument code.
Package caption Info: End \AtBeginDocument code.

<swinburne_university_of_technology_111401.jpg, id=87, 426.59375pt x 426.59375p
t>
File: swinburne_university_of_technology_111401.jpg Graphic file (type jpg)
 <use swinburne_university_of_technology_111401.jpg>
Package pdftex.def Info: swinburne_university_of_technology_111401.jpg used on 
input line 39.
(pdftex.def)             Requested size: 180.0pt x 180.00133pt.

Underfull \hbox (badness 10000) in paragraph at lines 48--48
[][]\OT1/cmr/m/n/6 en[]-[]ter[] [][][]names[]
 []

LaTeX Font Info:    Try loading font information for U+msa on input line 49.
(e:/texlive/2014/texmf-dist/tex/latex/amsfonts/umsa.fd
File: umsa.fd 2013/01/14 v3.01 AMS symbols A
)
LaTeX Font Info:    Try loading font information for U+msb on input line 49.

(e:/texlive/2014/texmf-dist/tex/latex/amsfonts/umsb.fd
File: umsb.fd 2013/01/14 v3.01 AMS symbols B
) [1

{e:/texlive/2014/texmf-var/fonts/map/pdftex/updmap/pdftex.map} <./swinburne_uni
versity_of_technology_111401.jpg>] (./HandEyereport.toc)
\tf@toc=\write5
\openout5 = `HandEyereport.toc'.

pdfTeX warning (ext4): destination with the same identifier (name{page.1}) has 
been already used, duplicate ignored
<to be read again> 
                   \relax 
l.58 \chapter
             {Project Outline} [1

]
Chapter 1.

Underfull \hbox (badness 10000) in paragraph at lines 60--60
[][]\OT1/cmr/m/n/6 dou[]-[]ble[] [][][]check[]
 []


Underfull \hbox (badness 10000) in paragraph at lines 60--60
[][]\OT1/cmr/m/n/6 in[]-[]clude[] [][][]im[]-[]age[]
 []


LaTeX Warning: Marginpar on page 2 moved.

[2

]
Chapter 2.
<gripper2.jpg, id=128, 273.27094pt x 437.38406pt>
File: gripper2.jpg Graphic file (type jpg)
 <use gripper2.jpg>
Package pdftex.def Info: gripper2.jpg used on input line 66.
(pdftex.def)             Requested size: 143.9978pt x 230.47765pt.

<gripper1.jpg, id=129, 273.27094pt x 437.38406pt>
File: gripper1.jpg Graphic file (type jpg)
 <use gripper1.jpg>
Package pdftex.def Info: gripper1.jpg used on input line 67.
(pdftex.def)             Requested size: 143.9978pt x 230.47765pt.
 [3

 <./gripper2.jpg> <./gripper1.jpg>]
Chapter 3.
<backgrond.png, id=139, 188.20313pt x 210.7875pt>
File: backgrond.png Graphic file (type png)
 <use backgrond.png>
Package pdftex.def Info: backgrond.png used on input line 83.
(pdftex.def)             Requested size: 216.0022pt x 241.94058pt.

<base.png, id=141, 188.20313pt x 213.04594pt>
File: base.png Graphic file (type png)
 <use base.png>
Package pdftex.def Info: base.png used on input line 84.
(pdftex.def)             Requested size: 216.0022pt x 244.53279pt.

<diff.png, id=142, 188.20313pt x 213.04594pt>
File: diff.png Graphic file (type png)
 <use diff.png>
Package pdftex.def Info: diff.png used on input line 86.
(pdftex.def)             Requested size: 216.0022pt x 244.53279pt.

Overfull \hbox (40.86887pt too wide) in paragraph at lines 82--87
[]|  [] [] 
 []

<out1.png, id=144, 188.20313pt x 213.04594pt>
File: out1.png Graphic file (type png)
 <use out1.png>
Package pdftex.def Info: out1.png used on input line 93.
(pdftex.def)             Requested size: 216.0022pt x 244.53279pt.

<out2.png, id=145, 188.20313pt x 212.29312pt>
File: out2.png Graphic file (type png)
 <use out2.png>
Package pdftex.def Info: out2.png used on input line 94.
(pdftex.def)             Requested size: 216.0022pt x 243.66873pt.

Overfull \hbox (40.86887pt too wide) in paragraph at lines 92--95
[]|  [] [] 
 []

<out4.png, id=146, 188.20313pt x 212.29312pt>
File: out4.png Graphic file (type png)
 <use out4.png>
Package pdftex.def Info: out4.png used on input line 100.
(pdftex.def)             Requested size: 216.0022pt x 243.66873pt.

<out3.png, id=147, 188.20313pt x 211.54031pt>
File: out3.png Graphic file (type png)
 <use out3.png>
Package pdftex.def Info: out3.png used on input line 106.
(pdftex.def)             Requested size: 216.0022pt x 242.80464pt.
 [4

] [5 <./backgrond.png> <./base.png> <./diff.png>]
Underfull \hbox (badness 10000) in paragraph at lines 114--115

 []

<Throwlinek.jpg, id=164, 249.18094pt x 516.42938pt>
File: Throwlinek.jpg Graphic file (type jpg)
 <use Throwlinek.jpg>
Package pdftex.def Info: Throwlinek.jpg used on input line 121.
(pdftex.def)             Requested size: 90.0pt x 186.5212pt.

[6 <./out1.png> <./out2.png>] [7 <./out4.png> <./out3.png>]
Overfull \hbox (9.72516pt too wide) in paragraph at lines 128--129
\OT1/cmr/m/n/10.95 Both the hold-ing box and grip-per are recog-nised in this p
ro-cess as []
 []

<Redest.jpg, id=185, 476.53032pt x 467.49657pt>
File: Redest.jpg Graphic file (type jpg)
 <use Redest.jpg>
Package pdftex.def Info: Redest.jpg used on input line 135.
(pdftex.def)             Requested size: 180.0pt x 176.58766pt.

Underfull \hbox (badness 10000) in paragraph at lines 132--138

 []

[8 <./Throwlinek.jpg>] <"angle issue".jpg, id=195, 763.35187pt x 368.87813pt>
File: "angle issue".jpg Graphic file (type jpg)

<use "angle issue".jpg>
Package pdftex.def Info: "angle issue".jpg used on input line 143.
(pdftex.def)             Requested size: 251.9989pt x 121.77518pt.

<"holding block with data".png, id=197, 181.42781pt x 212.29312pt>
File: "holding block with data".png Graphic file (type png)

<use "holding block with data".png>
Package pdftex.def Info: "holding block with data".png used on input line 154.
(pdftex.def)             Requested size: 143.9978pt x 168.50012pt.

<fullSock.png, id=201, 146.04562pt x 53.44969pt>
File: fullSock.png Graphic file (type png)
 <use fullSock.png>
Package pdftex.def Info: fullSock.png used on input line 163.
(pdftex.def)             Requested size: 180.0pt x 65.88216pt.

<emptySock.png, id=202, 146.04562pt x 53.44969pt>
File: emptySock.png Graphic file (type png)
 <use emptySock.png>
Package pdftex.def Info: emptySock.png used on input line 165.
(pdftex.def)             Requested size: 180.0pt x 65.88216pt.

Overfull \hbox (7.3pt too wide) in paragraph at lines 162--166
[]|  [] |  [] 
 []


Underfull \hbox (badness 10000) in paragraph at lines 151--169

 []

[9 <./Redest.jpg> <./angle issue.jpg>]

LaTeX Warning: `h' float specifier changed to `ht'.

[10 <./holding block with data.png>]
Underfull \hbox (badness 10000) in paragraph at lines 170--171

 []

<sock1.png, id=222, 228.10219pt x 211.54031pt>
File: sock1.png Graphic file (type png)
 <use sock1.png>
Package pdftex.def Info: sock1.png used on input line 176.
(pdftex.def)             Requested size: 143.9978pt x 133.54546pt.

<sock2.png, id=223, 229.60782pt x 215.30438pt>
File: sock2.png Graphic file (type png)
 <use sock2.png>
Package pdftex.def Info: sock2.png used on input line 182.
(pdftex.def)             Requested size: 143.9978pt x 135.0347pt.

<sock3.png, id=224, 228.855pt x 207.77625pt>
File: sock3.png Graphic file (type png)
 <use sock3.png>
Package pdftex.def Info: sock3.png used on input line 188.
(pdftex.def)             Requested size: 143.9978pt x 130.73802pt.

<sock4.png, id=225, 231.11343pt x 211.54031pt>
File: sock4.png Graphic file (type png)
 <use sock4.png>
Package pdftex.def Info: sock4.png used on input line 194.
(pdftex.def)             Requested size: 143.9978pt x 131.80241pt.

<sock5.png, id=226, 232.61906pt x 214.55156pt>
File: sock5.png Graphic file (type png)
 <use sock5.png>
Package pdftex.def Info: sock5.png used on input line 200.
(pdftex.def)             Requested size: 143.9978pt x 132.81761pt.

<sock6.png, id=227, 230.36063pt x 214.55156pt>
File: sock6.png Graphic file (type png)
 <use sock6.png>
Package pdftex.def Info: sock6.png used on input line 206.
(pdftex.def)             Requested size: 143.9978pt x 134.11403pt.


LaTeX Warning: `h' float specifier changed to `ht'.


Underfull \hbox (badness 1895) in paragraph at lines 213--213
[][][]\OT1/cmr/m/n/6 have[] [][][]an[] [][][]ex[]-[]tra[]
 []


Underfull \hbox (badness 4266) in paragraph at lines 213--213
[][][]\OT1/cmr/m/n/6 layer[] [][][]of[] [][][]po[]-[]si[]-
 []

[11 <./fullSock.png> <./emptySock.png>] [12 <./sock1.png> <./sock2.png> <./sock
3.png> <./sock4.png> <./sock5.png> <./sock6.png (PNG copy)>]
<aaah.png, id=253, 1327.96124pt x 650.43pt>
File: aaah.png Graphic file (type png)
 <use aaah.png>
Package pdftex.def Info: aaah.png used on input line 226.
(pdftex.def)             Requested size: 431.9989pt x 211.58574pt.

Overfull \hbox (71.9989pt too wide) in paragraph at lines 226--227
 [][] 
 []


Underfull \hbox (badness 10000) in paragraph at lines 231--232

 []

<vector.png, id=255, 553.31718pt x 433.62pt>
File: vector.png Graphic file (type png)
 <use vector.png>
Package pdftex.def Info: vector.png used on input line 236.
(pdftex.def)             Requested size: 251.9989pt x 197.48267pt.


LaTeX Warning: `h' float specifier changed to `ht'.

[13

 <./aaah.png>]
Underfull \hbox (badness 10000) in paragraph at lines 243--244

 []

<measumrnetflux.jpg, id=264, 743.77875pt x 374.90062pt>
File: measumrnetflux.jpg Graphic file (type jpg)

<use measumrnetflux.jpg>
Package pdftex.def Info: measumrnetflux.jpg used on input line 247.
(pdftex.def)             Requested size: 360.0pt x 181.46046pt.
 [14 <./vector.png> <./measumrnetflux.jpg>] [15]
[16]
Chapter 4.

Underfull \hbox (badness 10000) in paragraph at lines 260--261

 []

[17

] [18] [19] <commstack1.png, id=295, 486.73845pt x 311.4837pt>
File: commstack1.png Graphic file (type png)

<use commstack1.png>
Package pdftex.def Info: commstack1.png used on input line 280.
(pdftex.def)             Requested size: 251.9989pt x 161.26428pt.
 [20] <commstack2.png, id=304, 486.73845pt x 395.67825pt>
File: commstack2.png Graphic file (type png)

<use commstack2.png>
Package pdftex.def Info: commstack2.png used on input line 290.
(pdftex.def)             Requested size: 251.9989pt x 204.85426pt.
 [21 <./commstack1.png> <./commstack2.png>]
Chapter 5.

Overfull \hbox (62.61827pt too wide) in paragraph at lines 327--328
[][] 
 []

[1

]pdfTeX warning (ext4): destination with the same identifier (name{page.}) has 
been already used, duplicate ignored
<to be read again> 
                   \relax 
l.331 \chapter
              {Initial project request} [2]
Appendix A.

Underfull \hbox (badness 10000) in paragraph at lines 332--332
[][]\OT1/cmr/m/n/6 get[] [][][]pdf[] [][][]of[]
 []

pdfTeX warning (ext4): destination with the same identifier (name{page.}) has b
een already used, duplicate ignored
<to be read again> 
                   \relax 
l.335 \end{document}
                     [3

]
Package atveryend Info: Empty hook `BeforeClearDocument' on input line 335.
Package atveryend Info: Empty hook `AfterLastShipout' on input line 335.
 (./HandEyereport.aux)
Package atveryend Info: Executing hook `AtVeryEndDocument' on input line 335.
Package atveryend Info: Executing hook `AtEndAfterFileList' on input line 335.
Package rerunfilecheck Info: File `HandEyereport.out' has not changed.
(rerunfilecheck)             Checksum: F5ECD1890DB3A67BAD7E679FEA429546;1304.
Package atveryend Info: Empty hook `AtVeryVeryEnd' on input line 335.
 ) 
Here is how much of TeX's memory you used:
 21274 strings out of 493109
 402618 string characters out of 6138587
 585105 words of memory out of 5000000
 24250 multiletter control sequences out of 15000+600000
 15372 words of font info for 57 fonts, out of 8000000 for 9000
 1141 hyphenation exceptions out of 8191
 59i,9n,94p,945b,730s stack positions out of 5000i,500n,10000p,200000b,80000s
<e:/texlive/2014/texmf-dist/fonts/type1/public/amsfonts/cm/cmbx10.pfb><e:/tex
live/2014/texmf-dist/fonts/type1/public/amsfonts/cm/cmbx12.pfb><e:/texlive/2014
/texmf-dist/fonts/type1/public/amsfonts/cm/cmcsc10.pfb><e:/texlive/2014/texmf-d
ist/fonts/type1/public/amsfonts/cm/cmmi10.pfb><e:/texlive/2014/texmf-dist/fonts
/type1/public/amsfonts/cm/cmmi6.pfb><e:/texlive/2014/texmf-dist/fonts/type1/pub
lic/amsfonts/cm/cmmi8.pfb><e:/texlive/2014/texmf-dist/fonts/type1/public/amsfon
ts/cm/cmmi9.pfb><e:/texlive/2014/texmf-dist/fonts/type1/public/amsfonts/cm/cmr1
0.pfb><e:/texlive/2014/texmf-dist/fonts/type1/public/amsfonts/cm/cmr6.pfb><e:/t
exlive/2014/texmf-dist/fonts/type1/public/amsfonts/cm/cmr8.pfb><e:/texlive/2014
/texmf-dist/fonts/type1/public/amsfonts/cm/cmr9.pfb><e:/texlive/2014/texmf-dist
/fonts/type1/public/amsfonts/cm/cmsy10.pfb><e:/texlive/2014/texmf-dist/fonts/ty
pe1/public/amsfonts/cm/cmsy8.pfb><e:/texlive/2014/texmf-dist/fonts/type1/public
/amsfonts/cm/cmti10.pfb>
Output written on HandEyereport.pdf (25 pages, 2138099 bytes).
PDF statistics:
 388 PDF objects out of 1000 (max. 8388607)
 298 compressed objects within 3 object streams
 70 named destinations out of 1000 (max. 500000)
 308 words of extra memory for PDF output out of 10000 (max. 10000000)

